Change Component Designator: Old Designator=C3 New Designator=C4
Change Component Designator: Old Designator=C4 New Designator=C3
Change Component Designator: Old Designator=C5 New Designator=C6
Change Component Designator: Old Designator=C6 New Designator=C5
Change Component Designator: Old Designator=C7 New Designator=C8
Change Component Designator: Old Designator=C8 New Designator=C7
Change Component Designator: Old Designator=C9 New Designator=C10
Change Component Designator: Old Designator=C10 New Designator=C9
Change Component Designator: Old Designator=D1 New Designator=D3
Change Component Designator: Old Designator=D2 New Designator=D4
Change Component Designator: Old Designator=D3 New Designator=D5
Change Component Designator: Old Designator=D? New Designator=D1
Change Component Designator: Old Designator=D? New Designator=D2
Change Component Designator: Old Designator=R3 New Designator=R6
Change Component Designator: Old Designator=R4 New Designator=R5
Change Component Designator: Old Designator=R5 New Designator=R7
Change Component Designator: Old Designator=R6 New Designator=R8
Change Component Designator: Old Designator=R? New Designator=R3
Change Component Designator: Old Designator=R? New Designator=R4
Change Component Designator: Old Designator=Y1 New Designator=Y2
Change Component Designator: Old Designator=Y2 New Designator=Y1
Change Component Designator: Old Designator=Y3 New Designator=Y4
Change Component Designator: Old Designator=Y4 New Designator=Y3
