Change Component Designator: Old Designator=BT5 New Designator=BT1
Change Component Designator: Old Designator=BT6 New Designator=BT2
Change Component Designator: Old Designator=BT7 New Designator=BT3
Change Component Designator: Old Designator=BT8 New Designator=BT4
Change Component Designator: Old Designator=BT13 New Designator=BT5
Change Component Designator: Old Designator=BT14 New Designator=BT6
Change Component Designator: Old Designator=BT15 New Designator=BT7
Change Component Designator: Old Designator=BT16 New Designator=BT8
Change Component Designator: Old Designator=BT21 New Designator=BT9
Change Component Designator: Old Designator=BT22 New Designator=BT10
Change Component Designator: Old Designator=BT23 New Designator=BT11
Change Component Designator: Old Designator=BT24 New Designator=BT12
Change Component Designator: Old Designator=BT29 New Designator=BT13
Change Component Designator: Old Designator=BT30 New Designator=BT14
Change Component Designator: Old Designator=BT31 New Designator=BT15
Change Component Designator: Old Designator=BT32 New Designator=BT16
Change Component Designator: Old Designator=BT? New Designator=BT17
Change Component Designator: Old Designator=BT? New Designator=BT18
Change Component Designator: Old Designator=BT? New Designator=BT19
Change Component Designator: Old Designator=BT? New Designator=BT20
Change Component Designator: Old Designator=BT? New Designator=BT21
Change Component Designator: Old Designator=BT? New Designator=BT22
Change Component Designator: Old Designator=BT? New Designator=BT23
Change Component Designator: Old Designator=BT? New Designator=BT24
Change Component Designator: Old Designator=BT? New Designator=BT25
Change Component Designator: Old Designator=BT? New Designator=BT26
Change Component Designator: Old Designator=BT? New Designator=BT27
Change Component Designator: Old Designator=BT? New Designator=BT28
Change Component Designator: Old Designator=BT? New Designator=BT29
Change Component Designator: Old Designator=BT? New Designator=BT30
Change Component Designator: Old Designator=BT? New Designator=BT31
Change Component Designator: Old Designator=BT? New Designator=BT32
Change Component Designator: Old Designator=C? New Designator=C1
Change Component Designator: Old Designator=C? New Designator=C2
Change Component Designator: Old Designator=C? New Designator=C3
Change Component Designator: Old Designator=C? New Designator=C4
Change Component Designator: Old Designator=C? New Designator=C5
Change Component Designator: Old Designator=C? New Designator=C6
Change Component Designator: Old Designator=C? New Designator=C7
Change Component Designator: Old Designator=C? New Designator=C8
Change Component Designator: Old Designator=C? New Designator=C9
Change Component Designator: Old Designator=C? New Designator=C10
Change Component Designator: Old Designator=C? New Designator=C11
Change Component Designator: Old Designator=C? New Designator=C12
Change Component Designator: Old Designator=C? New Designator=C13
Change Component Designator: Old Designator=C? New Designator=C14
Change Component Designator: Old Designator=C? New Designator=C15
Change Component Designator: Old Designator=C? New Designator=C16
Change Component Designator: Old Designator=D? New Designator=D1
Change Component Designator: Old Designator=D? New Designator=D2
Change Component Designator: Old Designator=D? New Designator=D3
Change Component Designator: Old Designator=IC? New Designator=IC1
Change Component Designator: Old Designator=JDC? New Designator=JDC1
Change Component Designator: Old Designator=P? New Designator=P1
Change Component Designator: Old Designator=P? New Designator=P2
Change Component Designator: Old Designator=P? New Designator=P3
Change Component Designator: Old Designator=P? New Designator=P4
Change Component Designator: Old Designator=P? New Designator=P5
Change Component Designator: Old Designator=P? New Designator=P6
Change Component Designator: Old Designator=R? New Designator=R1
Change Component Designator: Old Designator=R? New Designator=R2
Change Component Designator: Old Designator=R? New Designator=R3
Change Component Designator: Old Designator=R? New Designator=R4
Change Component Designator: Old Designator=R? New Designator=R5
Change Component Designator: Old Designator=R? New Designator=R6
Change Component Designator: Old Designator=S? New Designator=S1
Change Component Designator: Old Designator=S? New Designator=S2
Change Component Designator: Old Designator=UN? New Designator=UN1
Change Component Designator: Old Designator=Y? New Designator=Y1
Change Component Designator: Old Designator=Y? New Designator=Y2
Change Component Designator: Old Designator=Y? New Designator=Y3
Change Component Designator: Old Designator=Y? New Designator=Y4
